<?xml version="1.0" encoding="UTF-8"?>
<!-- Generated by org.testng.reporters.JUnitReportReporter -->
<testsuite skipped="0" hostname="DESKTOP-OBNQJUJ" name="tests.WebTest" tests="1" failures="0" timestamp="2019-08-14T17:50:16 ART" time="12.030" errors="0">
  <testcase name="login" time="12.030" classname="tests.WebTest"/>
</testsuite> <!-- tests.WebTest -->
